##################################################################################
EXECUTANDO EM: 2025-05-01 08:10:14.187093
URLS A SEREM PROCESSADAS: 10
POSICAO DE INICIO: 0
---------------------------------------------------------------
URLS PROCESSADAS: 10
TEMPO TOTAL DE EXECUCAO: 10.681732416152954 SEGUNDOS
##################################################################################
EXECUTANDO EM: 2025-05-01 08:25:25.205502
URLS A SEREM PROCESSADAS: 10
POSICAO DE INICIO: 10
---------------------------------------------------------------
URLS PROCESSADAS: 10
TEMPO TOTAL DE EXECUCAO: 11.008752346038818 SEGUNDOS
##################################################################################
EXECUTANDO EM: 2025-05-01 08:40:36.688414
URLS A SEREM PROCESSADAS: 10
POSICAO DE INICIO: 20
---------------------------------------------------------------
URLS PROCESSADAS: 10
TEMPO TOTAL DE EXECUCAO: 12.879249095916748 SEGUNDOS
##################################################################################
EXECUTANDO EM: 2025-05-01 08:55:50.047888
URLS A SEREM PROCESSADAS: 10
POSICAO DE INICIO: 30
---------------------------------------------------------------
URLS PROCESSADAS: 10
TEMPO TOTAL DE EXECUCAO: 11.359602928161621 SEGUNDOS
##################################################################################
EXECUTANDO EM: 2025-05-01 09:11:01.826135
URLS A SEREM PROCESSADAS: 10
POSICAO DE INICIO: 40
---------------------------------------------------------------
URLS PROCESSADAS: 10
TEMPO TOTAL DE EXECUCAO: 13.01152491569519 SEGUNDOS
##################################################################################
EXECUTANDO EM: 2025-05-01 09:26:15.307552
URLS A SEREM PROCESSADAS: 10
POSICAO DE INICIO: 50
---------------------------------------------------------------
URLS PROCESSADAS: 10
TEMPO TOTAL DE EXECUCAO: 12.25838828086853 SEGUNDOS
##################################################################################
EXECUTANDO EM: 2025-05-01 09:41:28.021701
URLS A SEREM PROCESSADAS: 10
POSICAO DE INICIO: 60
---------------------------------------------------------------
URLS PROCESSADAS: 10
TEMPO TOTAL DE EXECUCAO: 11.92349362373352 SEGUNDOS
##################################################################################
EXECUTANDO EM: 2025-05-01 09:56:40.444740
URLS A SEREM PROCESSADAS: 10
POSICAO DE INICIO: 70
---------------------------------------------------------------
URLS PROCESSADAS: 10
TEMPO TOTAL DE EXECUCAO: 11.149997234344482 SEGUNDOS
##################################################################################
EXECUTANDO EM: 2025-05-01 10:11:51.859634
URLS A SEREM PROCESSADAS: 10
POSICAO DE INICIO: 80
---------------------------------------------------------------
URLS PROCESSADAS: 10
TEMPO TOTAL DE EXECUCAO: 10.310970783233643 SEGUNDOS
##################################################################################
EXECUTANDO EM: 2025-05-01 10:27:02.476889
URLS A SEREM PROCESSADAS: 10
POSICAO DE INICIO: 90
---------------------------------------------------------------
URLS PROCESSADAS: 10
TEMPO TOTAL DE EXECUCAO: 10.308148622512817 SEGUNDOS
##################################################################################
EXECUTANDO EM: 2025-05-01 10:42:13.046757
URLS A SEREM PROCESSADAS: 10
POSICAO DE INICIO: 100
---------------------------------------------------------------
URLS PROCESSADAS: 10
TEMPO TOTAL DE EXECUCAO: 9.865289688110352 SEGUNDOS
##################################################################################
EXECUTANDO EM: 2025-05-01 10:57:23.209602
URLS A SEREM PROCESSADAS: 10
POSICAO DE INICIO: 110
---------------------------------------------------------------
URLS PROCESSADAS: 10
TEMPO TOTAL DE EXECUCAO: 10.997062683105469 SEGUNDOS
##################################################################################
EXECUTANDO EM: 2025-05-01 11:12:34.491364
URLS A SEREM PROCESSADAS: 10
POSICAO DE INICIO: 120
---------------------------------------------------------------
URLS PROCESSADAS: 10
TEMPO TOTAL DE EXECUCAO: 10.180572748184204 SEGUNDOS
##################################################################################
EXECUTANDO EM: 2025-05-01 11:27:44.953043
URLS A SEREM PROCESSADAS: 10
POSICAO DE INICIO: 130
---------------------------------------------------------------
URLS PROCESSADAS: 10
TEMPO TOTAL DE EXECUCAO: 13.246899127960205 SEGUNDOS
##################################################################################
EXECUTANDO EM: 2025-05-01 11:42:58.460228
URLS A SEREM PROCESSADAS: 10
POSICAO DE INICIO: 140
---------------------------------------------------------------
URLS PROCESSADAS: 10
TEMPO TOTAL DE EXECUCAO: 9.505866527557373 SEGUNDOS
##################################################################################
EXECUTANDO EM: 2025-05-01 11:58:08.281752
URLS A SEREM PROCESSADAS: 10
POSICAO DE INICIO: 150
---------------------------------------------------------------
URLS PROCESSADAS: 10
TEMPO TOTAL DE EXECUCAO: 10.451881885528564 SEGUNDOS
##################################################################################
EXECUTANDO EM: 2025-05-01 12:13:19.037940
URLS A SEREM PROCESSADAS: 10
POSICAO DE INICIO: 160
---------------------------------------------------------------
URLS PROCESSADAS: 10
TEMPO TOTAL DE EXECUCAO: 11.426352977752686 SEGUNDOS
##################################################################################
EXECUTANDO EM: 2025-05-01 12:28:30.758251
URLS A SEREM PROCESSADAS: 10
POSICAO DE INICIO: 170
---------------------------------------------------------------
URLS PROCESSADAS: 10
TEMPO TOTAL DE EXECUCAO: 9.613416910171509 SEGUNDOS
##################################################################################
EXECUTANDO EM: 2025-05-01 12:43:40.625361
URLS A SEREM PROCESSADAS: 10
POSICAO DE INICIO: 180
---------------------------------------------------------------
URLS PROCESSADAS: 10
TEMPO TOTAL DE EXECUCAO: 9.870385885238647 SEGUNDOS
##################################################################################
EXECUTANDO EM: 2025-05-01 12:58:50.801245
URLS A SEREM PROCESSADAS: 10
POSICAO DE INICIO: 190
---------------------------------------------------------------
URLS PROCESSADAS: 10
TEMPO TOTAL DE EXECUCAO: 10.787092924118042 SEGUNDOS
##################################################################################
EXECUTANDO EM: 2025-05-01 13:14:01.930637
URLS A SEREM PROCESSADAS: 10
POSICAO DE INICIO: 200
---------------------------------------------------------------
URLS PROCESSADAS: 10
TEMPO TOTAL DE EXECUCAO: 10.070770740509033 SEGUNDOS
##################################################################################
EXECUTANDO EM: 2025-05-01 13:29:12.349369
URLS A SEREM PROCESSADAS: 10
POSICAO DE INICIO: 210
---------------------------------------------------------------
URLS PROCESSADAS: 10
TEMPO TOTAL DE EXECUCAO: 10.621264219284058 SEGUNDOS
##################################################################################
EXECUTANDO EM: 2025-05-01 13:44:23.315756
URLS A SEREM PROCESSADAS: 10
POSICAO DE INICIO: 220
---------------------------------------------------------------
URLS PROCESSADAS: 10
TEMPO TOTAL DE EXECUCAO: 11.42111849784851 SEGUNDOS
##################################################################################
EXECUTANDO EM: 2025-05-01 13:59:35.072758
URLS A SEREM PROCESSADAS: 10
POSICAO DE INICIO: 230
---------------------------------------------------------------
URLS PROCESSADAS: 10
TEMPO TOTAL DE EXECUCAO: 9.881868362426758 SEGUNDOS
##################################################################################
EXECUTANDO EM: 2025-05-01 14:14:45.302197
URLS A SEREM PROCESSADAS: 10
POSICAO DE INICIO: 240
---------------------------------------------------------------
URLS PROCESSADAS: 10
TEMPO TOTAL DE EXECUCAO: 10.304382085800171 SEGUNDOS
##################################################################################
EXECUTANDO EM: 2025-05-01 14:29:55.933242
URLS A SEREM PROCESSADAS: 10
POSICAO DE INICIO: 250
---------------------------------------------------------------
URLS PROCESSADAS: 10
TEMPO TOTAL DE EXECUCAO: 9.478772163391113 SEGUNDOS
##################################################################################
EXECUTANDO EM: 2025-05-01 14:45:05.724991
URLS A SEREM PROCESSADAS: 10
POSICAO DE INICIO: 260
---------------------------------------------------------------
URLS PROCESSADAS: 10
TEMPO TOTAL DE EXECUCAO: 11.020841836929321 SEGUNDOS
##################################################################################
EXECUTANDO EM: 2025-05-01 15:00:17.056265
URLS A SEREM PROCESSADAS: 10
POSICAO DE INICIO: 270
---------------------------------------------------------------
URLS PROCESSADAS: 10
TEMPO TOTAL DE EXECUCAO: 10.459232568740845 SEGUNDOS
##################################################################################
EXECUTANDO EM: 2025-05-01 15:15:27.843457
URLS A SEREM PROCESSADAS: 10
POSICAO DE INICIO: 280
---------------------------------------------------------------
URLS PROCESSADAS: 10
TEMPO TOTAL DE EXECUCAO: 10.261240482330322 SEGUNDOS
##################################################################################
EXECUTANDO EM: 2025-05-01 15:30:38.441074
URLS A SEREM PROCESSADAS: 10
POSICAO DE INICIO: 290
---------------------------------------------------------------
URLS PROCESSADAS: 10
TEMPO TOTAL DE EXECUCAO: 9.919269561767578 SEGUNDOS
##################################################################################
EXECUTANDO EM: 2025-05-01 15:45:48.686355
URLS A SEREM PROCESSADAS: 10
POSICAO DE INICIO: 300
---------------------------------------------------------------
URLS PROCESSADAS: 10
TEMPO TOTAL DE EXECUCAO: 9.65612244606018 SEGUNDOS
##################################################################################
EXECUTANDO EM: 2025-05-01 16:00:58.664761
URLS A SEREM PROCESSADAS: 10
POSICAO DE INICIO: 310
---------------------------------------------------------------
URLS PROCESSADAS: 10
TEMPO TOTAL DE EXECUCAO: 10.547342538833618 SEGUNDOS
##################################################################################
EXECUTANDO EM: 2025-05-01 16:16:09.545489
URLS A SEREM PROCESSADAS: 10
POSICAO DE INICIO: 320
---------------------------------------------------------------
URLS PROCESSADAS: 10
TEMPO TOTAL DE EXECUCAO: 11.020404577255249 SEGUNDOS
##################################################################################
EXECUTANDO EM: 2025-05-01 16:31:20.905580
URLS A SEREM PROCESSADAS: 5
POSICAO DE INICIO: 330
---------------------------------------------------------------
URLS PROCESSADAS: 5
TEMPO TOTAL DE EXECUCAO: 8.442572593688965 SEGUNDOS
