##################################################################################
EXECUTANDO EM: 2025-05-04 00:54:43.463208
URLS A SEREM PROCESSADAS: 10
POSICAO DE INICIO: 0
---------------------------------------------------------------
URLS PROCESSADAS: 10
TEMPO TOTAL DE EXECUCAO: 12.077184677124023 SEGUNDOS
##################################################################################
EXECUTANDO EM: 2025-05-04 01:09:56.067313
URLS A SEREM PROCESSADAS: 10
POSICAO DE INICIO: 10
---------------------------------------------------------------
URLS PROCESSADAS: 10
TEMPO TOTAL DE EXECUCAO: 13.000661611557007 SEGUNDOS
##################################################################################
EXECUTANDO EM: 2025-05-04 01:25:09.579838
URLS A SEREM PROCESSADAS: 10
POSICAO DE INICIO: 20
---------------------------------------------------------------
URLS PROCESSADAS: 10
TEMPO TOTAL DE EXECUCAO: 12.134999752044678 SEGUNDOS
##################################################################################
EXECUTANDO EM: 2025-05-04 01:40:22.225761
URLS A SEREM PROCESSADAS: 10
POSICAO DE INICIO: 30
---------------------------------------------------------------
URLS PROCESSADAS: 10
TEMPO TOTAL DE EXECUCAO: 12.652977228164673 SEGUNDOS
##################################################################################
EXECUTANDO EM: 2025-05-04 01:55:35.403061
URLS A SEREM PROCESSADAS: 10
POSICAO DE INICIO: 40
---------------------------------------------------------------
URLS PROCESSADAS: 10
TEMPO TOTAL DE EXECUCAO: 12.662696599960327 SEGUNDOS
##################################################################################
EXECUTANDO EM: 2025-05-04 02:10:48.582462
URLS A SEREM PROCESSADAS: 10
POSICAO DE INICIO: 50
---------------------------------------------------------------
URLS PROCESSADAS: 10
TEMPO TOTAL DE EXECUCAO: 12.995736598968506 SEGUNDOS
##################################################################################
EXECUTANDO EM: 2025-05-04 02:26:02.086580
URLS A SEREM PROCESSADAS: 10
POSICAO DE INICIO: 60
---------------------------------------------------------------
URLS PROCESSADAS: 10
TEMPO TOTAL DE EXECUCAO: 12.924428224563599 SEGUNDOS
##################################################################################
EXECUTANDO EM: 2025-05-04 02:41:15.500194
URLS A SEREM PROCESSADAS: 10
POSICAO DE INICIO: 70
---------------------------------------------------------------
URLS PROCESSADAS: 10
TEMPO TOTAL DE EXECUCAO: 12.43784761428833 SEGUNDOS
##################################################################################
EXECUTANDO EM: 2025-05-04 02:56:28.394009
URLS A SEREM PROCESSADAS: 10
POSICAO DE INICIO: 80
---------------------------------------------------------------
URLS PROCESSADAS: 10
TEMPO TOTAL DE EXECUCAO: 11.314135789871216 SEGUNDOS
##################################################################################
EXECUTANDO EM: 2025-05-04 03:11:40.173069
URLS A SEREM PROCESSADAS: 10
POSICAO DE INICIO: 90
---------------------------------------------------------------
URLS PROCESSADAS: 10
TEMPO TOTAL DE EXECUCAO: 12.143830060958862 SEGUNDOS
##################################################################################
EXECUTANDO EM: 2025-05-04 03:26:52.838746
URLS A SEREM PROCESSADAS: 10
POSICAO DE INICIO: 100
---------------------------------------------------------------
URLS PROCESSADAS: 10
TEMPO TOTAL DE EXECUCAO: 15.136870622634888 SEGUNDOS
##################################################################################
EXECUTANDO EM: 2025-05-04 03:42:08.445598
URLS A SEREM PROCESSADAS: 4
POSICAO DE INICIO: 110
---------------------------------------------------------------
URLS PROCESSADAS: 4
TEMPO TOTAL DE EXECUCAO: 8.161089897155762 SEGUNDOS
EXECUCAO DO SCRIPT CONCLUIDA.
