##################################################################################
EXECUTANDO EM: 2025-05-01 08:10:14.187093
URLS A SEREM PROCESSADAS: 10
POSICAO DE INICIO: 0
---------------------------------------------------------------
URLS PROCESSADAS: 10
TEMPO TOTAL DE EXECUCAO: 10.681732416152954 SEGUNDOS
##################################################################################
EXECUTANDO EM: 2025-05-01 08:25:25.205502
URLS A SEREM PROCESSADAS: 10
POSICAO DE INICIO: 10
---------------------------------------------------------------
URLS PROCESSADAS: 10
TEMPO TOTAL DE EXECUCAO: 11.008752346038818 SEGUNDOS
##################################################################################
EXECUTANDO EM: 2025-05-01 08:40:36.688414
URLS A SEREM PROCESSADAS: 10
POSICAO DE INICIO: 20
---------------------------------------------------------------
URLS PROCESSADAS: 10
TEMPO TOTAL DE EXECUCAO: 12.879249095916748 SEGUNDOS
##################################################################################
EXECUTANDO EM: 2025-05-01 08:55:50.047888
URLS A SEREM PROCESSADAS: 10
POSICAO DE INICIO: 30
---------------------------------------------------------------
URLS PROCESSADAS: 10
TEMPO TOTAL DE EXECUCAO: 11.359602928161621 SEGUNDOS
##################################################################################
EXECUTANDO EM: 2025-05-01 09:11:01.826135
URLS A SEREM PROCESSADAS: 10
POSICAO DE INICIO: 40
---------------------------------------------------------------
URLS PROCESSADAS: 10
TEMPO TOTAL DE EXECUCAO: 13.01152491569519 SEGUNDOS
##################################################################################
EXECUTANDO EM: 2025-05-01 09:26:15.307552
URLS A SEREM PROCESSADAS: 10
POSICAO DE INICIO: 50
---------------------------------------------------------------
URLS PROCESSADAS: 10
TEMPO TOTAL DE EXECUCAO: 12.25838828086853 SEGUNDOS
##################################################################################
EXECUTANDO EM: 2025-05-01 09:41:28.021701
URLS A SEREM PROCESSADAS: 10
POSICAO DE INICIO: 60
---------------------------------------------------------------
URLS PROCESSADAS: 10
TEMPO TOTAL DE EXECUCAO: 11.92349362373352 SEGUNDOS
##################################################################################
EXECUTANDO EM: 2025-05-01 09:56:40.444740
URLS A SEREM PROCESSADAS: 10
POSICAO DE INICIO: 70
---------------------------------------------------------------
URLS PROCESSADAS: 10
TEMPO TOTAL DE EXECUCAO: 11.149997234344482 SEGUNDOS
##################################################################################
EXECUTANDO EM: 2025-05-01 10:11:51.859634
URLS A SEREM PROCESSADAS: 10
POSICAO DE INICIO: 80
---------------------------------------------------------------
URLS PROCESSADAS: 10
TEMPO TOTAL DE EXECUCAO: 10.310970783233643 SEGUNDOS
##################################################################################
EXECUTANDO EM: 2025-05-01 10:27:02.476889
URLS A SEREM PROCESSADAS: 10
POSICAO DE INICIO: 90
---------------------------------------------------------------
URLS PROCESSADAS: 10
TEMPO TOTAL DE EXECUCAO: 10.308148622512817 SEGUNDOS
##################################################################################
EXECUTANDO EM: 2025-05-01 10:42:13.046757
URLS A SEREM PROCESSADAS: 10
POSICAO DE INICIO: 100
---------------------------------------------------------------
URLS PROCESSADAS: 10
TEMPO TOTAL DE EXECUCAO: 9.865289688110352 SEGUNDOS
##################################################################################
EXECUTANDO EM: 2025-05-01 10:57:23.209602
URLS A SEREM PROCESSADAS: 10
POSICAO DE INICIO: 110
---------------------------------------------------------------
URLS PROCESSADAS: 10
TEMPO TOTAL DE EXECUCAO: 10.997062683105469 SEGUNDOS
##################################################################################
EXECUTANDO EM: 2025-05-01 11:12:34.491364
URLS A SEREM PROCESSADAS: 10
POSICAO DE INICIO: 120
---------------------------------------------------------------
URLS PROCESSADAS: 10
TEMPO TOTAL DE EXECUCAO: 10.180572748184204 SEGUNDOS
##################################################################################
EXECUTANDO EM: 2025-05-01 11:27:44.953043
URLS A SEREM PROCESSADAS: 10
POSICAO DE INICIO: 130
---------------------------------------------------------------
URLS PROCESSADAS: 10
TEMPO TOTAL DE EXECUCAO: 13.246899127960205 SEGUNDOS
##################################################################################
EXECUTANDO EM: 2025-05-01 11:42:58.460228
URLS A SEREM PROCESSADAS: 10
POSICAO DE INICIO: 140
---------------------------------------------------------------
URLS PROCESSADAS: 10
TEMPO TOTAL DE EXECUCAO: 9.505866527557373 SEGUNDOS
##################################################################################
EXECUTANDO EM: 2025-05-01 11:58:08.281752
URLS A SEREM PROCESSADAS: 10
POSICAO DE INICIO: 150
---------------------------------------------------------------
URLS PROCESSADAS: 10
TEMPO TOTAL DE EXECUCAO: 10.451881885528564 SEGUNDOS
##################################################################################
EXECUTANDO EM: 2025-05-01 12:13:19.037940
URLS A SEREM PROCESSADAS: 10
POSICAO DE INICIO: 160
---------------------------------------------------------------
URLS PROCESSADAS: 10
TEMPO TOTAL DE EXECUCAO: 11.426352977752686 SEGUNDOS
##################################################################################
EXECUTANDO EM: 2025-05-01 12:28:30.758251
URLS A SEREM PROCESSADAS: 10
POSICAO DE INICIO: 170
---------------------------------------------------------------
URLS PROCESSADAS: 10
TEMPO TOTAL DE EXECUCAO: 9.613416910171509 SEGUNDOS
##################################################################################
EXECUTANDO EM: 2025-05-01 12:43:40.625361
URLS A SEREM PROCESSADAS: 10
POSICAO DE INICIO: 180
---------------------------------------------------------------
URLS PROCESSADAS: 10
TEMPO TOTAL DE EXECUCAO: 9.870385885238647 SEGUNDOS
##################################################################################
EXECUTANDO EM: 2025-05-01 12:58:50.801245
URLS A SEREM PROCESSADAS: 10
POSICAO DE INICIO: 190
---------------------------------------------------------------
URLS PROCESSADAS: 10
TEMPO TOTAL DE EXECUCAO: 10.787092924118042 SEGUNDOS
##################################################################################
EXECUTANDO EM: 2025-05-01 13:14:01.930637
URLS A SEREM PROCESSADAS: 10
POSICAO DE INICIO: 200
---------------------------------------------------------------
URLS PROCESSADAS: 10
TEMPO TOTAL DE EXECUCAO: 10.070770740509033 SEGUNDOS
##################################################################################
EXECUTANDO EM: 2025-05-01 13:29:12.349369
URLS A SEREM PROCESSADAS: 10
POSICAO DE INICIO: 210
---------------------------------------------------------------
URLS PROCESSADAS: 10
TEMPO TOTAL DE EXECUCAO: 10.621264219284058 SEGUNDOS
##################################################################################
EXECUTANDO EM: 2025-05-01 13:44:23.315756
URLS A SEREM PROCESSADAS: 10
POSICAO DE INICIO: 220
---------------------------------------------------------------
URLS PROCESSADAS: 10
TEMPO TOTAL DE EXECUCAO: 11.42111849784851 SEGUNDOS
##################################################################################
EXECUTANDO EM: 2025-05-01 13:59:35.072758
URLS A SEREM PROCESSADAS: 10
POSICAO DE INICIO: 230
---------------------------------------------------------------
URLS PROCESSADAS: 10
TEMPO TOTAL DE EXECUCAO: 9.881868362426758 SEGUNDOS
##################################################################################
EXECUTANDO EM: 2025-05-01 14:14:45.302197
URLS A SEREM PROCESSADAS: 10
POSICAO DE INICIO: 240
---------------------------------------------------------------
URLS PROCESSADAS: 10
TEMPO TOTAL DE EXECUCAO: 10.304382085800171 SEGUNDOS
##################################################################################
EXECUTANDO EM: 2025-05-01 14:29:55.933242
URLS A SEREM PROCESSADAS: 10
POSICAO DE INICIO: 250
---------------------------------------------------------------
URLS PROCESSADAS: 10
TEMPO TOTAL DE EXECUCAO: 9.478772163391113 SEGUNDOS
##################################################################################
EXECUTANDO EM: 2025-05-01 14:45:05.724991
URLS A SEREM PROCESSADAS: 10
POSICAO DE INICIO: 260
---------------------------------------------------------------
URLS PROCESSADAS: 10
TEMPO TOTAL DE EXECUCAO: 11.020841836929321 SEGUNDOS
##################################################################################
EXECUTANDO EM: 2025-05-01 15:00:17.056265
URLS A SEREM PROCESSADAS: 10
POSICAO DE INICIO: 270
---------------------------------------------------------------
URLS PROCESSADAS: 10
TEMPO TOTAL DE EXECUCAO: 10.459232568740845 SEGUNDOS
##################################################################################
EXECUTANDO EM: 2025-05-01 15:15:27.843457
URLS A SEREM PROCESSADAS: 10
POSICAO DE INICIO: 280
---------------------------------------------------------------
URLS PROCESSADAS: 10
TEMPO TOTAL DE EXECUCAO: 10.261240482330322 SEGUNDOS
##################################################################################
EXECUTANDO EM: 2025-05-01 15:30:38.441074
URLS A SEREM PROCESSADAS: 10
POSICAO DE INICIO: 290
---------------------------------------------------------------
URLS PROCESSADAS: 10
TEMPO TOTAL DE EXECUCAO: 9.919269561767578 SEGUNDOS
##################################################################################
EXECUTANDO EM: 2025-05-01 15:45:48.686355
URLS A SEREM PROCESSADAS: 10
POSICAO DE INICIO: 300
---------------------------------------------------------------
URLS PROCESSADAS: 10
TEMPO TOTAL DE EXECUCAO: 9.65612244606018 SEGUNDOS
##################################################################################
EXECUTANDO EM: 2025-05-01 16:00:58.664761
URLS A SEREM PROCESSADAS: 10
POSICAO DE INICIO: 310
---------------------------------------------------------------
URLS PROCESSADAS: 10
TEMPO TOTAL DE EXECUCAO: 10.547342538833618 SEGUNDOS
##################################################################################
EXECUTANDO EM: 2025-05-01 16:16:09.545489
URLS A SEREM PROCESSADAS: 10
POSICAO DE INICIO: 320
---------------------------------------------------------------
URLS PROCESSADAS: 10
TEMPO TOTAL DE EXECUCAO: 11.020404577255249 SEGUNDOS
##################################################################################
EXECUTANDO EM: 2025-05-01 16:31:20.905580
URLS A SEREM PROCESSADAS: 5
POSICAO DE INICIO: 330
---------------------------------------------------------------
URLS PROCESSADAS: 5
TEMPO TOTAL DE EXECUCAO: 8.442572593688965 SEGUNDOS
##################################################################################
EXECUTANDO EM: 2025-05-02 04:26:36.201294
URLS A SEREM PROCESSADAS: 10
POSICAO DE INICIO: 0
---------------------------------------------------------------
URLS PROCESSADAS: 10
TEMPO TOTAL DE EXECUCAO: 9.278107404708862 SEGUNDOS
##################################################################################
EXECUTANDO EM: 2025-05-02 04:41:45.885673
URLS A SEREM PROCESSADAS: 10
POSICAO DE INICIO: 10
---------------------------------------------------------------
URLS PROCESSADAS: 10
TEMPO TOTAL DE EXECUCAO: 13.092830896377563 SEGUNDOS
##################################################################################
EXECUTANDO EM: 2025-05-02 04:56:59.470695
URLS A SEREM PROCESSADAS: 10
POSICAO DE INICIO: 20
---------------------------------------------------------------
URLS PROCESSADAS: 10
TEMPO TOTAL DE EXECUCAO: 14.966836214065552 SEGUNDOS
##################################################################################
EXECUTANDO EM: 2025-05-02 05:12:14.967719
URLS A SEREM PROCESSADAS: 10
POSICAO DE INICIO: 30
---------------------------------------------------------------
URLS PROCESSADAS: 10
TEMPO TOTAL DE EXECUCAO: 12.64193844795227 SEGUNDOS
##################################################################################
EXECUTANDO EM: 2025-05-02 05:27:28.113100
URLS A SEREM PROCESSADAS: 10
POSICAO DE INICIO: 40
---------------------------------------------------------------
URLS PROCESSADAS: 10
TEMPO TOTAL DE EXECUCAO: 13.728276491165161 SEGUNDOS
##################################################################################
EXECUTANDO EM: 2025-05-02 05:42:42.357836
URLS A SEREM PROCESSADAS: 10
POSICAO DE INICIO: 50
---------------------------------------------------------------
URLS PROCESSADAS: 10
TEMPO TOTAL DE EXECUCAO: 13.550435304641724 SEGUNDOS
##################################################################################
EXECUTANDO EM: 2025-05-02 05:57:56.700121
URLS A SEREM PROCESSADAS: 10
POSICAO DE INICIO: 60
---------------------------------------------------------------
URLS PROCESSADAS: 10
TEMPO TOTAL DE EXECUCAO: 11.347477912902832 SEGUNDOS
##################################################################################
EXECUTANDO EM: 2025-05-02 06:13:08.298980
URLS A SEREM PROCESSADAS: 10
POSICAO DE INICIO: 70
---------------------------------------------------------------
URLS PROCESSADAS: 10
TEMPO TOTAL DE EXECUCAO: 15.213908195495605 SEGUNDOS
##################################################################################
EXECUTANDO EM: 2025-05-02 06:28:23.764601
URLS A SEREM PROCESSADAS: 10
POSICAO DE INICIO: 80
---------------------------------------------------------------
URLS PROCESSADAS: 10
TEMPO TOTAL DE EXECUCAO: 10.406374454498291 SEGUNDOS
##################################################################################
EXECUTANDO EM: 2025-05-02 06:43:34.424517
URLS A SEREM PROCESSADAS: 10
POSICAO DE INICIO: 90
---------------------------------------------------------------
URLS PROCESSADAS: 10
TEMPO TOTAL DE EXECUCAO: 10.918881177902222 SEGUNDOS
##################################################################################
EXECUTANDO EM: 2025-05-02 06:58:45.569071
URLS A SEREM PROCESSADAS: 10
POSICAO DE INICIO: 100
---------------------------------------------------------------
URLS PROCESSADAS: 10
TEMPO TOTAL DE EXECUCAO: 10.682312726974487 SEGUNDOS
##################################################################################
EXECUTANDO EM: 2025-05-02 07:13:56.491382
URLS A SEREM PROCESSADAS: 10
POSICAO DE INICIO: 110
---------------------------------------------------------------
URLS PROCESSADAS: 10
TEMPO TOTAL DE EXECUCAO: 11.423001766204834 SEGUNDOS
##################################################################################
EXECUTANDO EM: 2025-05-02 07:29:08.162229
URLS A SEREM PROCESSADAS: 10
POSICAO DE INICIO: 120
---------------------------------------------------------------
URLS PROCESSADAS: 10
TEMPO TOTAL DE EXECUCAO: 10.158849239349365 SEGUNDOS
##################################################################################
EXECUTANDO EM: 2025-05-02 07:44:18.560262
URLS A SEREM PROCESSADAS: 10
POSICAO DE INICIO: 130
---------------------------------------------------------------
URLS PROCESSADAS: 10
TEMPO TOTAL DE EXECUCAO: 9.703824043273926 SEGUNDOS
##################################################################################
EXECUTANDO EM: 2025-05-02 07:59:28.492370
URLS A SEREM PROCESSADAS: 10
POSICAO DE INICIO: 140
---------------------------------------------------------------
URLS PROCESSADAS: 10
TEMPO TOTAL DE EXECUCAO: 9.696551322937012 SEGUNDOS
##################################################################################
EXECUTANDO EM: 2025-05-02 08:14:38.419230
URLS A SEREM PROCESSADAS: 10
POSICAO DE INICIO: 150
---------------------------------------------------------------
URLS PROCESSADAS: 10
TEMPO TOTAL DE EXECUCAO: 10.477490663528442 SEGUNDOS
##################################################################################
EXECUTANDO EM: 2025-05-02 08:29:49.149880
URLS A SEREM PROCESSADAS: 10
POSICAO DE INICIO: 160
---------------------------------------------------------------
URLS PROCESSADAS: 10
TEMPO TOTAL DE EXECUCAO: 11.646082162857056 SEGUNDOS
##################################################################################
EXECUTANDO EM: 2025-05-02 08:45:01.045180
URLS A SEREM PROCESSADAS: 10
POSICAO DE INICIO: 170
---------------------------------------------------------------
URLS PROCESSADAS: 10
TEMPO TOTAL DE EXECUCAO: 9.611545085906982 SEGUNDOS
##################################################################################
EXECUTANDO EM: 2025-05-02 09:00:10.913605
URLS A SEREM PROCESSADAS: 10
POSICAO DE INICIO: 180
---------------------------------------------------------------
URLS PROCESSADAS: 10
TEMPO TOTAL DE EXECUCAO: 10.125700950622559 SEGUNDOS
##################################################################################
EXECUTANDO EM: 2025-05-02 09:15:21.281443
URLS A SEREM PROCESSADAS: 10
POSICAO DE INICIO: 190
---------------------------------------------------------------
URLS PROCESSADAS: 10
TEMPO TOTAL DE EXECUCAO: 10.89821481704712 SEGUNDOS
##################################################################################
EXECUTANDO EM: 2025-05-02 09:30:32.428566
URLS A SEREM PROCESSADAS: 10
POSICAO DE INICIO: 200
---------------------------------------------------------------
URLS PROCESSADAS: 10
TEMPO TOTAL DE EXECUCAO: 9.964737892150879 SEGUNDOS
##################################################################################
EXECUTANDO EM: 2025-05-02 09:45:42.637413
URLS A SEREM PROCESSADAS: 10
POSICAO DE INICIO: 210
---------------------------------------------------------------
URLS PROCESSADAS: 10
TEMPO TOTAL DE EXECUCAO: 10.270215034484863 SEGUNDOS
##################################################################################
EXECUTANDO EM: 2025-05-02 10:00:53.163222
URLS A SEREM PROCESSADAS: 10
POSICAO DE INICIO: 220
---------------------------------------------------------------
URLS PROCESSADAS: 10
TEMPO TOTAL DE EXECUCAO: 14.872655391693115 SEGUNDOS
##################################################################################
EXECUTANDO EM: 2025-05-02 10:16:08.264839
URLS A SEREM PROCESSADAS: 10
POSICAO DE INICIO: 230
---------------------------------------------------------------
URLS PROCESSADAS: 10
TEMPO TOTAL DE EXECUCAO: 10.144878387451172 SEGUNDOS
##################################################################################
EXECUTANDO EM: 2025-05-02 10:31:18.641073
URLS A SEREM PROCESSADAS: 10
POSICAO DE INICIO: 240
---------------------------------------------------------------
URLS PROCESSADAS: 10
TEMPO TOTAL DE EXECUCAO: 10.859012603759766 SEGUNDOS
##################################################################################
EXECUTANDO EM: 2025-05-02 10:46:29.769774
URLS A SEREM PROCESSADAS: 10
POSICAO DE INICIO: 250
---------------------------------------------------------------
URLS PROCESSADAS: 10
TEMPO TOTAL DE EXECUCAO: 9.725057363510132 SEGUNDOS
##################################################################################
EXECUTANDO EM: 2025-05-02 11:01:39.754709
URLS A SEREM PROCESSADAS: 10
POSICAO DE INICIO: 260
---------------------------------------------------------------
URLS PROCESSADAS: 10
TEMPO TOTAL DE EXECUCAO: 10.954549551010132 SEGUNDOS
##################################################################################
EXECUTANDO EM: 2025-05-02 11:16:50.949376
URLS A SEREM PROCESSADAS: 10
POSICAO DE INICIO: 270
---------------------------------------------------------------
URLS PROCESSADAS: 10
TEMPO TOTAL DE EXECUCAO: 10.667123079299927 SEGUNDOS
##################################################################################
EXECUTANDO EM: 2025-05-02 11:32:01.880019
URLS A SEREM PROCESSADAS: 10
POSICAO DE INICIO: 280
---------------------------------------------------------------
URLS PROCESSADAS: 10
TEMPO TOTAL DE EXECUCAO: 10.078672885894775 SEGUNDOS
##################################################################################
EXECUTANDO EM: 2025-05-02 11:47:12.183516
URLS A SEREM PROCESSADAS: 10
POSICAO DE INICIO: 290
---------------------------------------------------------------
URLS PROCESSADAS: 10
TEMPO TOTAL DE EXECUCAO: 10.170750617980957 SEGUNDOS
##################################################################################
EXECUTANDO EM: 2025-05-02 12:02:22.613070
URLS A SEREM PROCESSADAS: 10
POSICAO DE INICIO: 300
---------------------------------------------------------------
URLS PROCESSADAS: 10
TEMPO TOTAL DE EXECUCAO: 9.826550483703613 SEGUNDOS
##################################################################################
EXECUTANDO EM: 2025-05-02 12:17:32.672349
URLS A SEREM PROCESSADAS: 10
POSICAO DE INICIO: 310
---------------------------------------------------------------
URLS PROCESSADAS: 10
TEMPO TOTAL DE EXECUCAO: 10.582632064819336 SEGUNDOS
##################################################################################
EXECUTANDO EM: 2025-05-02 12:32:43.479323
URLS A SEREM PROCESSADAS: 10
POSICAO DE INICIO: 320
---------------------------------------------------------------
URLS PROCESSADAS: 10
TEMPO TOTAL DE EXECUCAO: 10.73636269569397 SEGUNDOS
##################################################################################
EXECUTANDO EM: 2025-05-02 12:47:54.460159
URLS A SEREM PROCESSADAS: 5
POSICAO DE INICIO: 330
---------------------------------------------------------------
URLS PROCESSADAS: 5
TEMPO TOTAL DE EXECUCAO: 8.769837141036987 SEGUNDOS
EXECUCAO DO SCRIPT CONCLUIDA.
##################################################################################
EXECUTANDO EM: 2025-05-03 04:20:04.331974
URLS A SEREM PROCESSADAS: 10
POSICAO DE INICIO: 0
---------------------------------------------------------------
URLS PROCESSADAS: 10
TEMPO TOTAL DE EXECUCAO: 21.833381175994873 SEGUNDOS
##################################################################################
EXECUTANDO EM: 2025-05-03 04:35:26.668066
URLS A SEREM PROCESSADAS: 10
POSICAO DE INICIO: 10
---------------------------------------------------------------
URLS PROCESSADAS: 10
TEMPO TOTAL DE EXECUCAO: 14.946362257003784 SEGUNDOS
##################################################################################
EXECUTANDO EM: 2025-05-03 04:50:42.109725
URLS A SEREM PROCESSADAS: 10
POSICAO DE INICIO: 20
---------------------------------------------------------------
URLS PROCESSADAS: 10
TEMPO TOTAL DE EXECUCAO: 13.199857234954834 SEGUNDOS
##################################################################################
EXECUTANDO EM: 2025-05-03 05:05:55.769126
URLS A SEREM PROCESSADAS: 10
POSICAO DE INICIO: 30
---------------------------------------------------------------
URLS PROCESSADAS: 10
TEMPO TOTAL DE EXECUCAO: 11.76944088935852 SEGUNDOS
##################################################################################
EXECUTANDO EM: 2025-05-03 05:21:08.024043
URLS A SEREM PROCESSADAS: 10
POSICAO DE INICIO: 40
---------------------------------------------------------------
URLS PROCESSADAS: 10
TEMPO TOTAL DE EXECUCAO: 20.35636067390442 SEGUNDOS
##################################################################################
EXECUTANDO EM: 2025-05-03 05:36:28.864639
URLS A SEREM PROCESSADAS: 10
POSICAO DE INICIO: 50
---------------------------------------------------------------
URLS PROCESSADAS: 10
TEMPO TOTAL DE EXECUCAO: 13.430802345275879 SEGUNDOS
##################################################################################
EXECUTANDO EM: 2025-05-03 05:51:42.783542
URLS A SEREM PROCESSADAS: 10
POSICAO DE INICIO: 60
---------------------------------------------------------------
URLS PROCESSADAS: 10
TEMPO TOTAL DE EXECUCAO: 11.75872254371643 SEGUNDOS
##################################################################################
EXECUTANDO EM: 2025-05-03 06:06:55.031139
URLS A SEREM PROCESSADAS: 10
POSICAO DE INICIO: 70
---------------------------------------------------------------
URLS PROCESSADAS: 10
TEMPO TOTAL DE EXECUCAO: 12.16195559501648 SEGUNDOS
##################################################################################
EXECUTANDO EM: 2025-05-03 06:22:07.674617
URLS A SEREM PROCESSADAS: 10
POSICAO DE INICIO: 80
---------------------------------------------------------------
URLS PROCESSADAS: 10
TEMPO TOTAL DE EXECUCAO: 12.235894918441772 SEGUNDOS
##################################################################################
EXECUTANDO EM: 2025-05-03 06:37:20.395570
URLS A SEREM PROCESSADAS: 10
POSICAO DE INICIO: 90
---------------------------------------------------------------
URLS PROCESSADAS: 10
TEMPO TOTAL DE EXECUCAO: 12.445714950561523 SEGUNDOS
##################################################################################
EXECUTANDO EM: 2025-05-03 06:52:33.339661
URLS A SEREM PROCESSADAS: 10
POSICAO DE INICIO: 100
---------------------------------------------------------------
URLS PROCESSADAS: 10
TEMPO TOTAL DE EXECUCAO: 12.205565690994263 SEGUNDOS
##################################################################################
EXECUTANDO EM: 2025-05-03 07:07:46.044456
URLS A SEREM PROCESSADAS: 10
POSICAO DE INICIO: 110
---------------------------------------------------------------
URLS PROCESSADAS: 10
TEMPO TOTAL DE EXECUCAO: 12.405709743499756 SEGUNDOS
##################################################################################
EXECUTANDO EM: 2025-05-03 07:22:58.965053
URLS A SEREM PROCESSADAS: 10
POSICAO DE INICIO: 120
---------------------------------------------------------------
URLS PROCESSADAS: 10
TEMPO TOTAL DE EXECUCAO: 14.835394620895386 SEGUNDOS
##################################################################################
EXECUTANDO EM: 2025-05-03 07:38:14.308774
URLS A SEREM PROCESSADAS: 10
POSICAO DE INICIO: 130
---------------------------------------------------------------
URLS PROCESSADAS: 10
TEMPO TOTAL DE EXECUCAO: 12.076688051223755 SEGUNDOS
##################################################################################
EXECUTANDO EM: 2025-05-03 07:53:26.861041
URLS A SEREM PROCESSADAS: 10
POSICAO DE INICIO: 140
---------------------------------------------------------------
URLS PROCESSADAS: 10
TEMPO TOTAL DE EXECUCAO: 10.8767409324646 SEGUNDOS
##################################################################################
EXECUTANDO EM: 2025-05-03 08:08:38.231013
URLS A SEREM PROCESSADAS: 10
POSICAO DE INICIO: 150
---------------------------------------------------------------
URLS PROCESSADAS: 10
TEMPO TOTAL DE EXECUCAO: 12.141623497009277 SEGUNDOS
##################################################################################
EXECUTANDO EM: 2025-05-03 08:23:50.858368
URLS A SEREM PROCESSADAS: 10
POSICAO DE INICIO: 160
---------------------------------------------------------------
URLS PROCESSADAS: 10
TEMPO TOTAL DE EXECUCAO: 11.501894474029541 SEGUNDOS
##################################################################################
EXECUTANDO EM: 2025-05-03 08:39:02.869111
URLS A SEREM PROCESSADAS: 10
POSICAO DE INICIO: 170
---------------------------------------------------------------
URLS PROCESSADAS: 10
TEMPO TOTAL DE EXECUCAO: 11.936797857284546 SEGUNDOS
##################################################################################
EXECUTANDO EM: 2025-05-03 08:54:15.302206
URLS A SEREM PROCESSADAS: 10
POSICAO DE INICIO: 180
---------------------------------------------------------------
URLS PROCESSADAS: 10
TEMPO TOTAL DE EXECUCAO: 10.300271034240723 SEGUNDOS
##################################################################################
EXECUTANDO EM: 2025-05-03 09:09:26.071553
URLS A SEREM PROCESSADAS: 10
POSICAO DE INICIO: 190
---------------------------------------------------------------
URLS PROCESSADAS: 10
TEMPO TOTAL DE EXECUCAO: 11.687472343444824 SEGUNDOS
##################################################################################
EXECUTANDO EM: 2025-05-03 09:24:38.265446
URLS A SEREM PROCESSADAS: 10
POSICAO DE INICIO: 200
---------------------------------------------------------------
URLS PROCESSADAS: 10
TEMPO TOTAL DE EXECUCAO: 10.424302339553833 SEGUNDOS
##################################################################################
EXECUTANDO EM: 2025-05-03 09:39:49.131980
URLS A SEREM PROCESSADAS: 10
POSICAO DE INICIO: 210
---------------------------------------------------------------
URLS PROCESSADAS: 10
TEMPO TOTAL DE EXECUCAO: 23.311495304107666 SEGUNDOS
##################################################################################
EXECUTANDO EM: 2025-05-03 09:55:12.910546
URLS A SEREM PROCESSADAS: 10
POSICAO DE INICIO: 220
---------------------------------------------------------------
URLS PROCESSADAS: 10
TEMPO TOTAL DE EXECUCAO: 11.051673889160156 SEGUNDOS
##################################################################################
EXECUTANDO EM: 2025-05-03 10:10:24.295882
URLS A SEREM PROCESSADAS: 10
POSICAO DE INICIO: 230
---------------------------------------------------------------
URLS PROCESSADAS: 10
TEMPO TOTAL DE EXECUCAO: 10.238280773162842 SEGUNDOS
##################################################################################
EXECUTANDO EM: 2025-05-03 10:25:34.863935
URLS A SEREM PROCESSADAS: 10
POSICAO DE INICIO: 240
---------------------------------------------------------------
URLS PROCESSADAS: 10
TEMPO TOTAL DE EXECUCAO: 10.732665777206421 SEGUNDOS
##################################################################################
EXECUTANDO EM: 2025-05-03 10:40:45.952604
URLS A SEREM PROCESSADAS: 10
POSICAO DE INICIO: 250
---------------------------------------------------------------
URLS PROCESSADAS: 10
TEMPO TOTAL DE EXECUCAO: 9.641888618469238 SEGUNDOS
##################################################################################
EXECUTANDO EM: 2025-05-03 10:55:55.933785
URLS A SEREM PROCESSADAS: 10
POSICAO DE INICIO: 260
---------------------------------------------------------------
URLS PROCESSADAS: 10
TEMPO TOTAL DE EXECUCAO: 11.004014253616333 SEGUNDOS
##################################################################################
EXECUTANDO EM: 2025-05-03 11:11:07.270666
URLS A SEREM PROCESSADAS: 10
POSICAO DE INICIO: 270
---------------------------------------------------------------
URLS PROCESSADAS: 10
TEMPO TOTAL DE EXECUCAO: 10.883988380432129 SEGUNDOS
##################################################################################
EXECUTANDO EM: 2025-05-03 11:26:18.507490
URLS A SEREM PROCESSADAS: 10
POSICAO DE INICIO: 280
---------------------------------------------------------------
URLS PROCESSADAS: 10
TEMPO TOTAL DE EXECUCAO: 10.181537389755249 SEGUNDOS
##################################################################################
EXECUTANDO EM: 2025-05-03 11:41:29.014627
URLS A SEREM PROCESSADAS: 10
POSICAO DE INICIO: 290
---------------------------------------------------------------
URLS PROCESSADAS: 10
TEMPO TOTAL DE EXECUCAO: 10.172199964523315 SEGUNDOS
##################################################################################
EXECUTANDO EM: 2025-05-03 11:56:39.515453
URLS A SEREM PROCESSADAS: 10
POSICAO DE INICIO: 300
---------------------------------------------------------------
URLS PROCESSADAS: 10
TEMPO TOTAL DE EXECUCAO: 9.698137044906616 SEGUNDOS
##################################################################################
EXECUTANDO EM: 2025-05-03 12:11:49.554315
URLS A SEREM PROCESSADAS: 10
POSICAO DE INICIO: 310
---------------------------------------------------------------
URLS PROCESSADAS: 10
TEMPO TOTAL DE EXECUCAO: 10.319631338119507 SEGUNDOS
##################################################################################
EXECUTANDO EM: 2025-05-03 12:27:00.208471
URLS A SEREM PROCESSADAS: 10
POSICAO DE INICIO: 320
---------------------------------------------------------------
URLS PROCESSADAS: 10
TEMPO TOTAL DE EXECUCAO: 11.640947818756104 SEGUNDOS
##################################################################################
EXECUTANDO EM: 2025-05-03 12:42:12.185969
URLS A SEREM PROCESSADAS: 5
POSICAO DE INICIO: 330
---------------------------------------------------------------
URLS PROCESSADAS: 5
TEMPO TOTAL DE EXECUCAO: 8.39741325378418 SEGUNDOS
EXECUCAO DO SCRIPT CONCLUIDA.
##################################################################################
EXECUTANDO EM: 2025-05-04 04:30:03.426610
URLS A SEREM PROCESSADAS: 10
POSICAO DE INICIO: 0
---------------------------------------------------------------
URLS PROCESSADAS: 10
TEMPO TOTAL DE EXECUCAO: 11.337808847427368 SEGUNDOS
##################################################################################
EXECUTANDO EM: 2025-05-04 04:45:15.241387
URLS A SEREM PROCESSADAS: 10
POSICAO DE INICIO: 10
---------------------------------------------------------------
URLS PROCESSADAS: 10
TEMPO TOTAL DE EXECUCAO: 11.975204944610596 SEGUNDOS
##################################################################################
EXECUTANDO EM: 2025-05-04 05:00:27.735311
URLS A SEREM PROCESSADAS: 10
POSICAO DE INICIO: 20
---------------------------------------------------------------
URLS PROCESSADAS: 10
TEMPO TOTAL DE EXECUCAO: 12.101301670074463 SEGUNDOS
##################################################################################
EXECUTANDO EM: 2025-05-04 05:15:40.290875
URLS A SEREM PROCESSADAS: 10
POSICAO DE INICIO: 30
---------------------------------------------------------------
URLS PROCESSADAS: 10
TEMPO TOTAL DE EXECUCAO: 11.094711065292358 SEGUNDOS
##################################################################################
EXECUTANDO EM: 2025-05-04 05:30:51.597636
URLS A SEREM PROCESSADAS: 10
POSICAO DE INICIO: 40
---------------------------------------------------------------
URLS PROCESSADAS: 10
TEMPO TOTAL DE EXECUCAO: 14.706816673278809 SEGUNDOS
##################################################################################
EXECUTANDO EM: 2025-05-04 05:46:06.705238
URLS A SEREM PROCESSADAS: 10
POSICAO DE INICIO: 50
---------------------------------------------------------------
URLS PROCESSADAS: 10
TEMPO TOTAL DE EXECUCAO: 12.205554008483887 SEGUNDOS
##################################################################################
EXECUTANDO EM: 2025-05-04 06:01:19.314584
URLS A SEREM PROCESSADAS: 10
POSICAO DE INICIO: 60
---------------------------------------------------------------
URLS PROCESSADAS: 10
TEMPO TOTAL DE EXECUCAO: 11.306351661682129 SEGUNDOS
##################################################################################
EXECUTANDO EM: 2025-05-04 06:16:31.045959
URLS A SEREM PROCESSADAS: 10
POSICAO DE INICIO: 70
---------------------------------------------------------------
URLS PROCESSADAS: 10
TEMPO TOTAL DE EXECUCAO: 12.437739372253418 SEGUNDOS
##################################################################################
EXECUTANDO EM: 2025-05-04 06:31:43.889068
URLS A SEREM PROCESSADAS: 10
POSICAO DE INICIO: 80
---------------------------------------------------------------
URLS PROCESSADAS: 10
TEMPO TOTAL DE EXECUCAO: 11.15120267868042 SEGUNDOS
##################################################################################
EXECUTANDO EM: 2025-05-04 06:46:55.534241
URLS A SEREM PROCESSADAS: 10
POSICAO DE INICIO: 90
---------------------------------------------------------------
URLS PROCESSADAS: 10
TEMPO TOTAL DE EXECUCAO: 11.889487028121948 SEGUNDOS
##################################################################################
EXECUTANDO EM: 2025-05-04 07:02:07.920374
URLS A SEREM PROCESSADAS: 10
POSICAO DE INICIO: 100
---------------------------------------------------------------
URLS PROCESSADAS: 10
TEMPO TOTAL DE EXECUCAO: 11.99429440498352 SEGUNDOS
##################################################################################
EXECUTANDO EM: 2025-05-04 07:17:20.441055
URLS A SEREM PROCESSADAS: 10
POSICAO DE INICIO: 110
---------------------------------------------------------------
URLS PROCESSADAS: 10
TEMPO TOTAL DE EXECUCAO: 12.534368991851807 SEGUNDOS
##################################################################################
EXECUTANDO EM: 2025-05-04 07:32:33.489595
URLS A SEREM PROCESSADAS: 10
POSICAO DE INICIO: 120
---------------------------------------------------------------
URLS PROCESSADAS: 10
TEMPO TOTAL DE EXECUCAO: 12.727081537246704 SEGUNDOS
##################################################################################
EXECUTANDO EM: 2025-05-04 07:47:46.720493
URLS A SEREM PROCESSADAS: 10
POSICAO DE INICIO: 130
---------------------------------------------------------------
URLS PROCESSADAS: 10
TEMPO TOTAL DE EXECUCAO: 13.6639723777771 SEGUNDOS
##################################################################################
EXECUTANDO EM: 2025-05-04 08:03:00.840229
URLS A SEREM PROCESSADAS: 10
POSICAO DE INICIO: 140
---------------------------------------------------------------
URLS PROCESSADAS: 10
TEMPO TOTAL DE EXECUCAO: 15.182476997375488 SEGUNDOS
##################################################################################
EXECUTANDO EM: 2025-05-04 08:18:16.518156
URLS A SEREM PROCESSADAS: 10
POSICAO DE INICIO: 150
---------------------------------------------------------------
URLS PROCESSADAS: 10
TEMPO TOTAL DE EXECUCAO: 11.82954478263855 SEGUNDOS
##################################################################################
EXECUTANDO EM: 2025-05-04 08:33:28.823944
URLS A SEREM PROCESSADAS: 10
POSICAO DE INICIO: 160
---------------------------------------------------------------
URLS PROCESSADAS: 10
TEMPO TOTAL DE EXECUCAO: 14.392049074172974 SEGUNDOS
##################################################################################
EXECUTANDO EM: 2025-05-04 08:48:43.698492
URLS A SEREM PROCESSADAS: 10
POSICAO DE INICIO: 170
---------------------------------------------------------------
URLS PROCESSADAS: 10
TEMPO TOTAL DE EXECUCAO: 9.624217510223389 SEGUNDOS
##################################################################################
EXECUTANDO EM: 2025-05-04 09:03:53.896802
URLS A SEREM PROCESSADAS: 10
POSICAO DE INICIO: 180
---------------------------------------------------------------
URLS PROCESSADAS: 10
TEMPO TOTAL DE EXECUCAO: 9.57647156715393 SEGUNDOS
##################################################################################
EXECUTANDO EM: 2025-05-04 09:19:03.823150
URLS A SEREM PROCESSADAS: 10
POSICAO DE INICIO: 190
---------------------------------------------------------------
URLS PROCESSADAS: 10
TEMPO TOTAL DE EXECUCAO: 10.772984743118286 SEGUNDOS
##################################################################################
EXECUTANDO EM: 2025-05-04 09:34:14.949297
URLS A SEREM PROCESSADAS: 10
POSICAO DE INICIO: 200
---------------------------------------------------------------
URLS PROCESSADAS: 10
TEMPO TOTAL DE EXECUCAO: 10.643038511276245 SEGUNDOS
##################################################################################
EXECUTANDO EM: 2025-05-04 09:49:25.923323
URLS A SEREM PROCESSADAS: 10
POSICAO DE INICIO: 210
---------------------------------------------------------------
URLS PROCESSADAS: 10
TEMPO TOTAL DE EXECUCAO: 10.004568338394165 SEGUNDOS
##################################################################################
EXECUTANDO EM: 2025-05-04 10:04:36.277197
URLS A SEREM PROCESSADAS: 10
POSICAO DE INICIO: 220
---------------------------------------------------------------
URLS PROCESSADAS: 10
TEMPO TOTAL DE EXECUCAO: 10.862003564834595 SEGUNDOS
##################################################################################
EXECUTANDO EM: 2025-05-04 10:19:47.483873
URLS A SEREM PROCESSADAS: 10
POSICAO DE INICIO: 230
---------------------------------------------------------------
URLS PROCESSADAS: 10
TEMPO TOTAL DE EXECUCAO: 9.848491668701172 SEGUNDOS
##################################################################################
EXECUTANDO EM: 2025-05-04 10:34:57.681652
URLS A SEREM PROCESSADAS: 10
POSICAO DE INICIO: 240
---------------------------------------------------------------
URLS PROCESSADAS: 10
TEMPO TOTAL DE EXECUCAO: 10.83847975730896 SEGUNDOS
##################################################################################
EXECUTANDO EM: 2025-05-04 10:50:08.870984
URLS A SEREM PROCESSADAS: 10
POSICAO DE INICIO: 250
---------------------------------------------------------------
URLS PROCESSADAS: 10
TEMPO TOTAL DE EXECUCAO: 9.838605642318726 SEGUNDOS
##################################################################################
EXECUTANDO EM: 2025-05-04 11:05:19.056034
URLS A SEREM PROCESSADAS: 10
POSICAO DE INICIO: 260
---------------------------------------------------------------
URLS PROCESSADAS: 10
TEMPO TOTAL DE EXECUCAO: 11.13082218170166 SEGUNDOS
##################################################################################
EXECUTANDO EM: 2025-05-04 11:20:30.520239
URLS A SEREM PROCESSADAS: 10
POSICAO DE INICIO: 270
---------------------------------------------------------------
URLS PROCESSADAS: 10
TEMPO TOTAL DE EXECUCAO: 10.880485534667969 SEGUNDOS
##################################################################################
EXECUTANDO EM: 2025-05-04 11:35:41.754846
URLS A SEREM PROCESSADAS: 10
POSICAO DE INICIO: 280
---------------------------------------------------------------
URLS PROCESSADAS: 10
TEMPO TOTAL DE EXECUCAO: 10.567951202392578 SEGUNDOS
##################################################################################
EXECUTANDO EM: 2025-05-04 11:50:52.657922
URLS A SEREM PROCESSADAS: 10
POSICAO DE INICIO: 290
---------------------------------------------------------------
URLS PROCESSADAS: 10
TEMPO TOTAL DE EXECUCAO: 10.170291185379028 SEGUNDOS
##################################################################################
EXECUTANDO EM: 2025-05-04 12:06:03.185743
URLS A SEREM PROCESSADAS: 10
POSICAO DE INICIO: 300
---------------------------------------------------------------
URLS PROCESSADAS: 10
TEMPO TOTAL DE EXECUCAO: 9.827917337417603 SEGUNDOS
##################################################################################
EXECUTANDO EM: 2025-05-04 12:21:13.366250
URLS A SEREM PROCESSADAS: 10
POSICAO DE INICIO: 310
---------------------------------------------------------------
URLS PROCESSADAS: 10
TEMPO TOTAL DE EXECUCAO: 10.406302452087402 SEGUNDOS
##################################################################################
EXECUTANDO EM: 2025-05-04 12:36:24.110712
URLS A SEREM PROCESSADAS: 10
POSICAO DE INICIO: 320
---------------------------------------------------------------
URLS PROCESSADAS: 10
TEMPO TOTAL DE EXECUCAO: 11.035927534103394 SEGUNDOS
##################################################################################
EXECUTANDO EM: 2025-05-04 12:51:35.472587
URLS A SEREM PROCESSADAS: 5
POSICAO DE INICIO: 330
---------------------------------------------------------------
URLS PROCESSADAS: 5
TEMPO TOTAL DE EXECUCAO: 8.991978168487549 SEGUNDOS
EXECUCAO DO SCRIPT CONCLUIDA.
##################################################################################
EXECUTANDO EM: 2025-05-05 04:59:08.625612
URLS A SEREM PROCESSADAS: 10
POSICAO DE INICIO: 0
---------------------------------------------------------------
URLS PROCESSADAS: 10
TEMPO TOTAL DE EXECUCAO: 17.074716091156006 SEGUNDOS
##################################################################################
EXECUTANDO EM: 2025-05-05 05:14:26.220952
URLS A SEREM PROCESSADAS: 10
POSICAO DE INICIO: 10
---------------------------------------------------------------
URLS PROCESSADAS: 10
TEMPO TOTAL DE EXECUCAO: 13.989706993103027 SEGUNDOS
##################################################################################
EXECUTANDO EM: 2025-05-05 05:29:40.710694
URLS A SEREM PROCESSADAS: 10
POSICAO DE INICIO: 20
---------------------------------------------------------------
URLS PROCESSADAS: 10
TEMPO TOTAL DE EXECUCAO: 15.40380597114563 SEGUNDOS
##################################################################################
EXECUTANDO EM: 2025-05-05 05:44:56.607366
URLS A SEREM PROCESSADAS: 10
POSICAO DE INICIO: 30
---------------------------------------------------------------
URLS PROCESSADAS: 10
TEMPO TOTAL DE EXECUCAO: 11.979504346847534 SEGUNDOS
##################################################################################
EXECUTANDO EM: 2025-05-05 06:00:09.071672
URLS A SEREM PROCESSADAS: 10
POSICAO DE INICIO: 40
---------------------------------------------------------------
URLS PROCESSADAS: 10
TEMPO TOTAL DE EXECUCAO: 12.828425168991089 SEGUNDOS
##################################################################################
EXECUTANDO EM: 2025-05-05 06:15:22.382708
URLS A SEREM PROCESSADAS: 10
POSICAO DE INICIO: 50
---------------------------------------------------------------
URLS PROCESSADAS: 10
TEMPO TOTAL DE EXECUCAO: 12.173065900802612 SEGUNDOS
##################################################################################
EXECUTANDO EM: 2025-05-05 06:30:35.063715
URLS A SEREM PROCESSADAS: 10
POSICAO DE INICIO: 60
---------------------------------------------------------------
URLS PROCESSADAS: 10
TEMPO TOTAL DE EXECUCAO: 12.633626461029053 SEGUNDOS
##################################################################################
EXECUTANDO EM: 2025-05-05 06:45:48.222155
URLS A SEREM PROCESSADAS: 10
POSICAO DE INICIO: 70
---------------------------------------------------------------
URLS PROCESSADAS: 10
TEMPO TOTAL DE EXECUCAO: 13.053399801254272 SEGUNDOS
##################################################################################
EXECUTANDO EM: 2025-05-05 07:01:01.795800
URLS A SEREM PROCESSADAS: 10
POSICAO DE INICIO: 80
---------------------------------------------------------------
URLS PROCESSADAS: 10
TEMPO TOTAL DE EXECUCAO: 10.622973680496216 SEGUNDOS
##################################################################################
EXECUTANDO EM: 2025-05-05 07:16:12.900013
URLS A SEREM PROCESSADAS: 10
POSICAO DE INICIO: 90
---------------------------------------------------------------
URLS PROCESSADAS: 10
TEMPO TOTAL DE EXECUCAO: 10.822353839874268 SEGUNDOS
##################################################################################
EXECUTANDO EM: 2025-05-05 07:31:24.170357
URLS A SEREM PROCESSADAS: 10
POSICAO DE INICIO: 100
---------------------------------------------------------------
URLS PROCESSADAS: 10
TEMPO TOTAL DE EXECUCAO: 10.396254777908325 SEGUNDOS
##################################################################################
EXECUTANDO EM: 2025-05-05 07:46:35.004090
URLS A SEREM PROCESSADAS: 10
POSICAO DE INICIO: 110
---------------------------------------------------------------
URLS PROCESSADAS: 10
TEMPO TOTAL DE EXECUCAO: 14.325860500335693 SEGUNDOS
##################################################################################
EXECUTANDO EM: 2025-05-05 08:01:49.758035
URLS A SEREM PROCESSADAS: 10
POSICAO DE INICIO: 120
---------------------------------------------------------------
URLS PROCESSADAS: 10
TEMPO TOTAL DE EXECUCAO: 10.05716323852539 SEGUNDOS
##################################################################################
EXECUTANDO EM: 2025-05-05 08:17:00.274429
URLS A SEREM PROCESSADAS: 10
POSICAO DE INICIO: 130
---------------------------------------------------------------
URLS PROCESSADAS: 10
TEMPO TOTAL DE EXECUCAO: 9.670386791229248 SEGUNDOS
##################################################################################
EXECUTANDO EM: 2025-05-05 08:32:10.386892
URLS A SEREM PROCESSADAS: 10
POSICAO DE INICIO: 140
---------------------------------------------------------------
URLS PROCESSADAS: 10
TEMPO TOTAL DE EXECUCAO: 9.305139541625977 SEGUNDOS
##################################################################################
EXECUTANDO EM: 2025-05-05 08:47:20.122554
URLS A SEREM PROCESSADAS: 10
POSICAO DE INICIO: 150
---------------------------------------------------------------
URLS PROCESSADAS: 10
TEMPO TOTAL DE EXECUCAO: 10.410072326660156 SEGUNDOS
##################################################################################
EXECUTANDO EM: 2025-05-05 09:02:30.982172
URLS A SEREM PROCESSADAS: 10
POSICAO DE INICIO: 160
---------------------------------------------------------------
URLS PROCESSADAS: 10
TEMPO TOTAL DE EXECUCAO: 11.900189876556396 SEGUNDOS
##################################################################################
EXECUTANDO EM: 2025-05-05 09:17:43.299132
URLS A SEREM PROCESSADAS: 10
POSICAO DE INICIO: 170
---------------------------------------------------------------
URLS PROCESSADAS: 10
TEMPO TOTAL DE EXECUCAO: 9.710632562637329 SEGUNDOS
##################################################################################
EXECUTANDO EM: 2025-05-05 09:32:53.444556
URLS A SEREM PROCESSADAS: 10
POSICAO DE INICIO: 180
---------------------------------------------------------------
URLS PROCESSADAS: 10
TEMPO TOTAL DE EXECUCAO: 9.308368682861328 SEGUNDOS
##################################################################################
EXECUTANDO EM: 2025-05-05 09:48:03.177182
URLS A SEREM PROCESSADAS: 10
POSICAO DE INICIO: 190
---------------------------------------------------------------
URLS PROCESSADAS: 10
TEMPO TOTAL DE EXECUCAO: 10.856850624084473 SEGUNDOS
##################################################################################
EXECUTANDO EM: 2025-05-05 10:03:14.461964
URLS A SEREM PROCESSADAS: 10
POSICAO DE INICIO: 200
---------------------------------------------------------------
URLS PROCESSADAS: 10
TEMPO TOTAL DE EXECUCAO: 10.13623857498169 SEGUNDOS
##################################################################################
EXECUTANDO EM: 2025-05-05 10:18:25.032671
URLS A SEREM PROCESSADAS: 10
POSICAO DE INICIO: 210
---------------------------------------------------------------
URLS PROCESSADAS: 10
TEMPO TOTAL DE EXECUCAO: 10.1999671459198 SEGUNDOS
##################################################################################
EXECUTANDO EM: 2025-05-05 10:33:35.669575
URLS A SEREM PROCESSADAS: 10
POSICAO DE INICIO: 220
---------------------------------------------------------------
URLS PROCESSADAS: 10
TEMPO TOTAL DE EXECUCAO: 10.9753098487854 SEGUNDOS
##################################################################################
EXECUTANDO EM: 2025-05-05 10:48:47.088270
URLS A SEREM PROCESSADAS: 10
POSICAO DE INICIO: 230
---------------------------------------------------------------
URLS PROCESSADAS: 10
TEMPO TOTAL DE EXECUCAO: 9.698523044586182 SEGUNDOS
##################################################################################
EXECUTANDO EM: 2025-05-05 11:03:57.240229
URLS A SEREM PROCESSADAS: 10
POSICAO DE INICIO: 240
---------------------------------------------------------------
URLS PROCESSADAS: 10
TEMPO TOTAL DE EXECUCAO: 10.697698593139648 SEGUNDOS
##################################################################################
EXECUTANDO EM: 2025-05-05 11:19:08.384881
URLS A SEREM PROCESSADAS: 10
POSICAO DE INICIO: 250
---------------------------------------------------------------
URLS PROCESSADAS: 10
TEMPO TOTAL DE EXECUCAO: 10.403805255889893 SEGUNDOS
##################################################################################
EXECUTANDO EM: 2025-05-05 11:34:19.230510
URLS A SEREM PROCESSADAS: 10
POSICAO DE INICIO: 260
---------------------------------------------------------------
URLS PROCESSADAS: 10
TEMPO TOTAL DE EXECUCAO: 10.777743577957153 SEGUNDOS
##################################################################################
EXECUTANDO EM: 2025-05-05 11:49:30.442166
URLS A SEREM PROCESSADAS: 10
POSICAO DE INICIO: 270
---------------------------------------------------------------
URLS PROCESSADAS: 10
TEMPO TOTAL DE EXECUCAO: 11.110135793685913 SEGUNDOS
##################################################################################
EXECUTANDO EM: 2025-05-05 12:04:41.977987
URLS A SEREM PROCESSADAS: 10
POSICAO DE INICIO: 280
---------------------------------------------------------------
URLS PROCESSADAS: 10
TEMPO TOTAL DE EXECUCAO: 10.875879764556885 SEGUNDOS
##################################################################################
EXECUTANDO EM: 2025-05-05 12:19:53.300019
URLS A SEREM PROCESSADAS: 10
POSICAO DE INICIO: 290
---------------------------------------------------------------
URLS PROCESSADAS: 10
TEMPO TOTAL DE EXECUCAO: 9.978106021881104 SEGUNDOS
##################################################################################
EXECUTANDO EM: 2025-05-05 12:35:03.720923
URLS A SEREM PROCESSADAS: 10
POSICAO DE INICIO: 300
---------------------------------------------------------------
URLS PROCESSADAS: 10
TEMPO TOTAL DE EXECUCAO: 9.770912647247314 SEGUNDOS
##################################################################################
EXECUTANDO EM: 2025-05-05 12:50:13.937848
URLS A SEREM PROCESSADAS: 10
POSICAO DE INICIO: 310
---------------------------------------------------------------
URLS PROCESSADAS: 10
TEMPO TOTAL DE EXECUCAO: 10.283916234970093 SEGUNDOS
##################################################################################
EXECUTANDO EM: 2025-05-05 13:05:24.652711
URLS A SEREM PROCESSADAS: 10
POSICAO DE INICIO: 320
---------------------------------------------------------------
URLS PROCESSADAS: 10
TEMPO TOTAL DE EXECUCAO: 10.7196364402771 SEGUNDOS
##################################################################################
EXECUTANDO EM: 2025-05-05 13:20:35.806418
URLS A SEREM PROCESSADAS: 5
POSICAO DE INICIO: 330
---------------------------------------------------------------
URLS PROCESSADAS: 5
TEMPO TOTAL DE EXECUCAO: 8.672542095184326 SEGUNDOS
EXECUCAO DO SCRIPT CONCLUIDA.
##################################################################################
EXECUTANDO EM: 2025-05-06 03:45:07.948746
URLS A SEREM PROCESSADAS: 10
POSICAO DE INICIO: 0
---------------------------------------------------------------
URLS PROCESSADAS: 10
TEMPO TOTAL DE EXECUCAO: 10.289472341537476 SEGUNDOS
